<?xml version="1.0" encoding="UTF-8"?>
<robot generator="Robot 3.1.2 (Python 3.7.3 on darwin)" generated="20190727 20:13:22.593" rpa="false">
<suite id="s1" name="Open Robot Blog" source="/Users/anujteotia/Documents/Robot_Selenium/Robot_Selenium/open_robot_blog">
<kw name="Open Home Page" library="open_robot_blog_keywords" type="setup">
<kw name="Open Browser" library="SeleniumLibrary">
<doc>Opens a new browser instance to the given ``url``.</doc>
<arguments>
<arg>${URL}</arg>
<arg>${BROWSER}</arg>
</arguments>
<msg timestamp="20190727 20:13:22.846" level="INFO">Opening browser 'Chrome' to base url 'http://expounddigital.com/'.</msg>
<status status="PASS" starttime="20190727 20:13:22.846" endtime="20190727 20:13:30.763"></status>
</kw>
<kw name="Maximize Browser Window" library="SeleniumLibrary">
<doc>Maximizes current browser window.</doc>
<status status="PASS" starttime="20190727 20:13:30.763" endtime="20190727 20:13:31.030"></status>
</kw>
<status status="PASS" starttime="20190727 20:13:22.845" endtime="20190727 20:13:31.031"></status>
</kw>
<suite id="s1-s1" name="Open Robot Blog" source="/Users/anujteotia/Documents/Robot_Selenium/Robot_Selenium/open_robot_blog/open_robot_blog.robot">
<test id="s1-s1-t1" name="The user can open Robot framework Blogs">
<kw name="Click On Blog" library="open_robot_blog_keywords">
<kw name="Click Element" library="SeleniumLibrary">
<doc>Click element identified by ``locator``.</doc>
<arguments>
<arg>xpath://a[text()='Blog']</arg>
</arguments>
<msg timestamp="20190727 20:13:31.046" level="INFO">Clicking element 'xpath://a[text()='Blog']'.</msg>
<status status="PASS" starttime="20190727 20:13:31.045" endtime="20190727 20:13:32.115"></status>
</kw>
<status status="PASS" starttime="20190727 20:13:31.044" endtime="20190727 20:13:32.115"></status>
</kw>
<kw name="Open Robot Framework Blog" library="open_robot_blog_keywords">
<kw name="Click Element" library="SeleniumLibrary">
<doc>Click element identified by ``locator``.</doc>
<arguments>
<arg>xpath://a[text()='Robot Framework Introduction']</arg>
</arguments>
<msg timestamp="20190727 20:13:32.117" level="INFO">Clicking element 'xpath://a[text()='Robot Framework Introduction']'.</msg>
<status status="PASS" starttime="20190727 20:13:32.117" endtime="20190727 20:13:33.240"></status>
</kw>
<kw name="Execute Javascript" library="SeleniumLibrary">
<doc>Executes the given JavaScript code with possible arguments.</doc>
<arguments>
<arg>window.scrollTo(0, document.body.scrollHeight)</arg>
</arguments>
<msg timestamp="20190727 20:13:33.242" level="INFO">Executing JavaScript:
window.scrollTo(0, document.body.scrollHeight)
Without any arguments.</msg>
<status status="PASS" starttime="20190727 20:13:33.241" endtime="20190727 20:13:33.266"></status>
</kw>
<kw name="Sleep" library="BuiltIn">
<doc>Pauses the test executed for the given time.</doc>
<arguments>
<arg>${wait_time}</arg>
</arguments>
<msg timestamp="20190727 20:13:35.268" level="INFO">Slept 2 seconds</msg>
<status status="PASS" starttime="20190727 20:13:33.266" endtime="20190727 20:13:35.269"></status>
</kw>
<status status="PASS" starttime="20190727 20:13:32.116" endtime="20190727 20:13:35.269"></status>
</kw>
<status status="PASS" starttime="20190727 20:13:31.043" endtime="20190727 20:13:35.270" critical="yes"></status>
</test>
<status status="PASS" starttime="20190727 20:13:31.031" endtime="20190727 20:13:35.272"></status>
</suite>
<kw name="Close Browsers" library="open_robot_blog_keywords" type="teardown">
<kw name="Close All Browsers" library="SeleniumLibrary">
<doc>Closes all open browsers and resets the browser cache.</doc>
<status status="PASS" starttime="20190727 20:13:35.276" endtime="20190727 20:13:35.437"></status>
</kw>
<status status="PASS" starttime="20190727 20:13:35.275" endtime="20190727 20:13:35.437"></status>
</kw>
<status status="PASS" starttime="20190727 20:13:22.596" endtime="20190727 20:13:35.437"></status>
</suite>
<statistics>
<total>
<stat pass="1" fail="0">Critical Tests</stat>
<stat pass="1" fail="0">All Tests</stat>
</total>
<tag>
</tag>
<suite>
<stat pass="1" fail="0" id="s1" name="Open Robot Blog">Open Robot Blog</stat>
<stat pass="1" fail="0" id="s1-s1" name="Open Robot Blog">Open Robot Blog.Open Robot Blog</stat>
</suite>
</statistics>
<errors>
</errors>
</robot>
